已經開始建置於 2018/8/28 下午 05:10:31。
     1>節點 2 (Build 目標) 上的專案 "C:\youbot_windows_demo-master\build\youbot_windows_demo.vcxproj"。
     1>ClCompile:
         C:\Program Files (x86)\Microsoft Visual Studio 12.0\VC\bin\CL.exe /c /I"C:\youbot_driver-cmake\include" /I"C:\youbot_driver-cmake\include\youbot_driver\soem\osal" /I"C:\youbot_driver-cmake\include\youbot_driver\soem\osal\win32" /I"C:\youbot_driver-cmake\include\youbot_driver\soem\oshw\win32" /I"C:\Program Files (x86)\WpdPack\Include" /IC:\local\boost_1_57_0 /Zi /nologo /W3 /WX- /Od /Ob0 /Oy- /D WIN32 /D _WINDOWS /D _DEBUG /D "YOUBOT_CONFIGURATIONS_DIR=\"C:/youbot_driver-cmake/config\"" /D WIN32_LEAN_AND_MEAN /D "CMAKE_INTDIR=\"Debug\"" /D _MBCS /Gm- /EHsc /RTC1 /MDd /GS /fp:precise /Zc:wchar_t /Zc:forScope /GR /Fo"youbot_windows_demo.dir\Debug\\" /Fd"youbot_windows_demo.dir\Debug\vc120.pdb" /Gd /TP /analyze- /errorReport:prompt ..\src\main.cpp
         main.cpp
     1>C:\local\boost_1_57_0\boost/format/alt_sstream_impl.hpp : warning C4819: 檔案含有無法在目前字碼頁 (950) 中表示的字元。請以 Unicode 格式儲存檔案以防止資料遺失
     1>C:\youbot_driver-cmake\include\youbot_driver/soem/ethercattype.h : warning C4819: 檔案含有無法在目前字碼頁 (950) 中表示的字元。請以 Unicode 格式儲存檔案以防止資料遺失
     1>C:\youbot_driver-cmake\include\youbot_driver/youbot/YouBotSlaveMailboxMsg.hpp : warning C4819: 檔案含有無法在目前字碼頁 (950) 中表示的字元。請以 Unicode 格式儲存檔案以防止資料遺失
     1>C:\youbot_driver-cmake\include\youbot_driver\soem\oshw\win32\nicdrv.h : warning C4819: 檔案含有無法在目前字碼頁 (950) 中表示的字元。請以 Unicode 格式儲存檔案以防止資料遺失
     1>d:\opencv\build\include\opencv2\flann\dist.h : warning C4819: 檔案含有無法在目前字碼頁 (950) 中表示的字元。請以 Unicode 格式儲存檔案以防止資料遺失
     1>d:\opencv\build\include\opencv2\flann\logger.h(66): warning C4996: 'fopen': This function or variable may be unsafe. Consider using fopen_s instead. To disable deprecation, use _CRT_SECURE_NO_WARNINGS. See online help for details.
                 C:\Program Files (x86)\Microsoft Visual Studio 12.0\VC\include\stdio.h(211) : 請參閱 'fopen' 的宣告
     1>D:\opencv\build\include\opencv2/legacy/compat.hpp : warning C4819: 檔案含有無法在目前字碼頁 (950) 中表示的字元。請以 Unicode 格式儲存檔案以防止資料遺失
     1>..\src\main.cpp(677): warning C4244: '引數' : 將 'double' 轉換為 'int64_t'，由於類型不同，可能導致資料遺失
     1>..\src\main.cpp(688): warning C4244: '引數' : 將 'double' 轉換為 'int64_t'，由於類型不同，可能導致資料遺失
     1>..\src\main.cpp(699): warning C4244: '引數' : 將 'double' 轉換為 'int64_t'，由於類型不同，可能導致資料遺失
     1>..\src\main.cpp(714): warning C4244: '引數' : 將 'double' 轉換為 'int64_t'，由於類型不同，可能導致資料遺失
     1>..\src\main.cpp(725): warning C4244: '引數' : 將 'double' 轉換為 'int64_t'，由於類型不同，可能導致資料遺失
     1>..\src\main.cpp(736): warning C4244: '引數' : 將 'double' 轉換為 'int64_t'，由於類型不同，可能導致資料遺失
     1>..\src\main.cpp(3002): warning C4258: 'i' : 已忽略來自 for 迴圈的定義; 使用封閉範圍的定義
                 ..\src\main.cpp(2906) : 已忽略 'i' 的定義
                 ..\src\main.cpp(483) : 已使用 'i' 的定義
     1>..\src\main.cpp(3081): warning C4244: '引數' : 將 'double' 轉換為 'int'，由於類型不同，可能導致資料遺失
     1>..\src\main.cpp(3082): warning C4244: '引數' : 將 'double' 轉換為 'int'，由於類型不同，可能導致資料遺失
     1>..\src\main.cpp(3083): warning C4244: '引數' : 將 'double' 轉換為 'int'，由於類型不同，可能導致資料遺失
     1>..\src\main.cpp(3091): warning C4244: '引數' : 將 'double' 轉換為 'int'，由於類型不同，可能導致資料遺失
     1>..\src\main.cpp(4054): warning C4996: 'fopen': This function or variable may be unsafe. Consider using fopen_s instead. To disable deprecation, use _CRT_SECURE_NO_WARNINGS. See online help for details.
                 C:\Program Files (x86)\Microsoft Visual Studio 12.0\VC\include\stdio.h(211) : 請參閱 'fopen' 的宣告
     1>..\src\main.cpp(4056): warning C4996: 'fscanf': This function or variable may be unsafe. Consider using fscanf_s instead. To disable deprecation, use _CRT_SECURE_NO_WARNINGS. See online help for details.
                 C:\Program Files (x86)\Microsoft Visual Studio 12.0\VC\include\stdio.h(230) : 請參閱 'fscanf' 的宣告
     1>..\src\main.cpp(4058): warning C4996: 'fopen': This function or variable may be unsafe. Consider using fopen_s instead. To disable deprecation, use _CRT_SECURE_NO_WARNINGS. See online help for details.
                 C:\Program Files (x86)\Microsoft Visual Studio 12.0\VC\include\stdio.h(211) : 請參閱 'fopen' 的宣告
     1>..\src\main.cpp(4060): warning C4996: 'fscanf': This function or variable may be unsafe. Consider using fscanf_s instead. To disable deprecation, use _CRT_SECURE_NO_WARNINGS. See online help for details.
                 C:\Program Files (x86)\Microsoft Visual Studio 12.0\VC\include\stdio.h(230) : 請參閱 'fscanf' 的宣告
     1>..\src\main.cpp(4062): warning C4996: 'fopen': This function or variable may be unsafe. Consider using fopen_s instead. To disable deprecation, use _CRT_SECURE_NO_WARNINGS. See online help for details.
                 C:\Program Files (x86)\Microsoft Visual Studio 12.0\VC\include\stdio.h(211) : 請參閱 'fopen' 的宣告
     1>..\src\main.cpp(4064): warning C4996: 'fscanf': This function or variable may be unsafe. Consider using fscanf_s instead. To disable deprecation, use _CRT_SECURE_NO_WARNINGS. See online help for details.
                 C:\Program Files (x86)\Microsoft Visual Studio 12.0\VC\include\stdio.h(230) : 請參閱 'fscanf' 的宣告
     1>..\src\main.cpp(4871): warning C4996: 'fopen': This function or variable may be unsafe. Consider using fopen_s instead. To disable deprecation, use _CRT_SECURE_NO_WARNINGS. See online help for details.
                 C:\Program Files (x86)\Microsoft Visual Studio 12.0\VC\include\stdio.h(211) : 請參閱 'fopen' 的宣告
     1>..\src\main.cpp(4873): warning C4996: 'fscanf': This function or variable may be unsafe. Consider using fscanf_s instead. To disable deprecation, use _CRT_SECURE_NO_WARNINGS. See online help for details.
                 C:\Program Files (x86)\Microsoft Visual Studio 12.0\VC\include\stdio.h(230) : 請參閱 'fscanf' 的宣告
     1>..\src\main.cpp(4875): warning C4996: 'fopen': This function or variable may be unsafe. Consider using fopen_s instead. To disable deprecation, use _CRT_SECURE_NO_WARNINGS. See online help for details.
                 C:\Program Files (x86)\Microsoft Visual Studio 12.0\VC\include\stdio.h(211) : 請參閱 'fopen' 的宣告
     1>..\src\main.cpp(4877): warning C4996: 'fscanf': This function or variable may be unsafe. Consider using fscanf_s instead. To disable deprecation, use _CRT_SECURE_NO_WARNINGS. See online help for details.
                 C:\Program Files (x86)\Microsoft Visual Studio 12.0\VC\include\stdio.h(230) : 請參閱 'fscanf' 的宣告
     1>..\src\main.cpp(4879): warning C4996: 'fopen': This function or variable may be unsafe. Consider using fopen_s instead. To disable deprecation, use _CRT_SECURE_NO_WARNINGS. See online help for details.
                 C:\Program Files (x86)\Microsoft Visual Studio 12.0\VC\include\stdio.h(211) : 請參閱 'fopen' 的宣告
     1>..\src\main.cpp(4881): warning C4996: 'fscanf': This function or variable may be unsafe. Consider using fscanf_s instead. To disable deprecation, use _CRT_SECURE_NO_WARNINGS. See online help for details.
                 C:\Program Files (x86)\Microsoft Visual Studio 12.0\VC\include\stdio.h(230) : 請參閱 'fscanf' 的宣告
     1>..\src\main.cpp(5669): warning C4996: 'fopen': This function or variable may be unsafe. Consider using fopen_s instead. To disable deprecation, use _CRT_SECURE_NO_WARNINGS. See online help for details.
                 C:\Program Files (x86)\Microsoft Visual Studio 12.0\VC\include\stdio.h(211) : 請參閱 'fopen' 的宣告
     1>..\src\main.cpp(5671): warning C4996: 'fscanf': This function or variable may be unsafe. Consider using fscanf_s instead. To disable deprecation, use _CRT_SECURE_NO_WARNINGS. See online help for details.
                 C:\Program Files (x86)\Microsoft Visual Studio 12.0\VC\include\stdio.h(230) : 請參閱 'fscanf' 的宣告
     1>..\src\main.cpp(5673): warning C4996: 'fopen': This function or variable may be unsafe. Consider using fopen_s instead. To disable deprecation, use _CRT_SECURE_NO_WARNINGS. See online help for details.
                 C:\Program Files (x86)\Microsoft Visual Studio 12.0\VC\include\stdio.h(211) : 請參閱 'fopen' 的宣告
     1>..\src\main.cpp(5675): warning C4996: 'fscanf': This function or variable may be unsafe. Consider using fscanf_s instead. To disable deprecation, use _CRT_SECURE_NO_WARNINGS. See online help for details.
                 C:\Program Files (x86)\Microsoft Visual Studio 12.0\VC\include\stdio.h(230) : 請參閱 'fscanf' 的宣告
     1>..\src\main.cpp(5677): warning C4996: 'fopen': This function or variable may be unsafe. Consider using fopen_s instead. To disable deprecation, use _CRT_SECURE_NO_WARNINGS. See online help for details.
                 C:\Program Files (x86)\Microsoft Visual Studio 12.0\VC\include\stdio.h(211) : 請參閱 'fopen' 的宣告
     1>..\src\main.cpp(5679): warning C4996: 'fscanf': This function or variable may be unsafe. Consider using fscanf_s instead. To disable deprecation, use _CRT_SECURE_NO_WARNINGS. See online help for details.
                 C:\Program Files (x86)\Microsoft Visual Studio 12.0\VC\include\stdio.h(230) : 請參閱 'fscanf' 的宣告
     1>..\src\main.cpp(6766): warning C4258: 'i' : 已忽略來自 for 迴圈的定義; 使用封閉範圍的定義
                 ..\src\main.cpp(6670) : 已忽略 'i' 的定義
                 ..\src\main.cpp(483) : 已使用 'i' 的定義
     1>..\src\main.cpp(6845): warning C4244: '引數' : 將 'double' 轉換為 'int'，由於類型不同，可能導致資料遺失
     1>..\src\main.cpp(6846): warning C4244: '引數' : 將 'double' 轉換為 'int'，由於類型不同，可能導致資料遺失
     1>..\src\main.cpp(6847): warning C4244: '引數' : 將 'double' 轉換為 'int'，由於類型不同，可能導致資料遺失
     1>..\src\main.cpp(6855): warning C4244: '引數' : 將 'double' 轉換為 'int'，由於類型不同，可能導致資料遺失
     1>..\src\main.cpp(492): warning C4101: 'theta3_inv' : 未參考的區域變數
     1>..\src\main.cpp(391): warning C4101: 'expn_gamma' : 未參考的區域變數
     1>..\src\main.cpp(492): warning C4101: 'theta4_inv' : 未參考的區域變數
     1>..\src\main.cpp(391): warning C4101: 'expn_alpha' : 未參考的區域變數
     1>..\src\main.cpp(473): warning C4101: 'y2' : 未參考的區域變數
     1>..\src\main.cpp(472): warning C4101: 'x2' : 未參考的區域變數
     1>..\src\main.cpp(492): warning C4101: 'theta5_inv' : 未參考的區域變數
     1>..\src\main.cpp(491): warning C4101: 'cr' : 未參考的區域變數
     1>..\src\main.cpp(491): warning C4101: 'sb' : 未參考的區域變數
     1>..\src\main.cpp(490): warning C4101: 'pz' : 未參考的區域變數
     1>..\src\main.cpp(491): warning C4101: 'sr' : 未參考的區域變數
     1>..\src\main.cpp(490): warning C4101: 'p_gamma' : 未參考的區域變數
     1>..\src\main.cpp(336): warning C4101: 'myYouBotGripper' : 未參考的區域變數
     1>..\src\main.cpp(492): warning C4101: 'theta234_inv' : 未參考的區域變數
     1>..\src\main.cpp(492): warning C4101: 'theta2_inv' : 未參考的區域變數
     1>..\src\main.cpp(492): warning C4101: 'theta1_inv' : 未參考的區域變數
     1>..\src\main.cpp(490): warning C4101: 'p_alpha' : 未參考的區域變數
     1>..\src\main.cpp(490): warning C4101: 'px' : 未參考的區域變數
     1>..\src\main.cpp(474): warning C4101: 'z2' : 未參考的區域變數
     1>..\src\main.cpp(389): warning C4101: 'expn_y' : 未參考的區域變數
     1>..\src\main.cpp(491): warning C4101: 'sa' : 未參考的區域變數
     1>..\src\main.cpp(471): warning C4101: 'zz' : 未參考的區域變數
     1>..\src\main.cpp(491): warning C4101: 'ca' : 未參考的區域變數
     1>..\src\main.cpp(476): warning C4101: 'y4' : 未參考的區域變數
     1>..\src\main.cpp(493): warning C4101: 'cos_theta3' : 未參考的區域變數
     1>..\src\main.cpp(490): warning C4101: 'py' : 未參考的區域變數
     1>..\src\main.cpp(475): warning C4101: 'x4' : 未參考的區域變數
     1>..\src\main.cpp(490): warning C4101: 'p_beta' : 未參考的區域變數
     1>..\src\main.cpp(477): warning C4101: 'z4' : 未參考的區域變數
     1>..\src\main.cpp(389): warning C4101: 'expn_z' : 未參考的區域變數
     1>..\src\main.cpp(530): warning C4101: 'ans' : 未參考的區域變數
     1>..\src\main.cpp(491): warning C4101: 'cb' : 未參考的區域變數
     1>..\src\main.cpp(391): warning C4101: 'expn_beta' : 未參考的區域變數
     1>..\src\main.cpp(389): warning C4101: 'expn_x' : 未參考的區域變數
       Link:
         C:\Program Files (x86)\Microsoft Visual Studio 12.0\VC\bin\link.exe /ERRORREPORT:PROMPT /OUT:"C:\youbot_windows_demo-master\build\Debug\youbot_windows_demo.exe" /INCREMENTAL /NOLOGO /LIBPATH:"C:\local\boost_1_57_0\lib32-msvc-12.0" kernel32.lib user32.lib gdi32.lib winspool.lib shell32.lib ole32.lib oleaut32.lib uuid.lib comdlg32.lib advapi32.lib "C:\youbot_driver-cmake\build\Debug\YouBotDriver.lib" "C:\youbot_driver-cmake\build\src\soem\Debug\soem.lib" "C:\Program Files (x86)\WpdPack\Lib\Packet.lib" "C:\Program Files (x86)\WpdPack\Lib\wpcap.lib" WS2_32.lib Winmm.lib "C:\local\boost_1_57_0\lib32-msvc-12.0\boost_thread-vc120-mt-gd-1_57.lib" "C:\local\boost_1_57_0\lib32-msvc-12.0\boost_date_time-vc120-mt-gd-1_57.lib" "C:\local\boost_1_57_0\lib32-msvc-12.0\boost_filesystem-vc120-mt-gd-1_57.lib" "C:\local\boost_1_57_0\lib32-msvc-12.0\boost_system-vc120-mt-gd-1_57.lib" "C:\local\boost_1_57_0\lib32-msvc-12.0\boost_regex-vc120-mt-gd-1_57.lib" "C:\local\boost_1_57_0\lib32-msvc-12.0\boost_chrono-vc120-mt-gd-1_57.lib" "C:\local\boost_1_57_0\lib32-msvc-12.0\boost_atomic-vc120-mt-gd-1_57.lib" opencv_calib3d249d.lib opencv_contrib249d.lib opencv_core249d.lib opencv_features2d249d.lib opencv_flann249d.lib opencv_gpu249d.lib opencv_highgui249d.lib opencv_imgproc249d.lib opencv_legacy249d.lib opencv_ml249d.lib opencv_nonfree249d.lib opencv_objdetect249d.lib opencv_photo249d.lib opencv_stitching249d.lib opencv_ts249d.lib opencv_video249d.lib opencv_videostab249d.lib /MANIFEST /MANIFESTUAC:"level='asInvoker' uiAccess='false'" /manifest:embed /DEBUG /PDB:"C:/youbot_windows_demo-master/build/Debug/youbot_windows_demo.pdb" /SUBSYSTEM:CONSOLE /TLBID:1 /DYNAMICBASE /NXCOMPAT /IMPLIB:"C:/youbot_windows_demo-master/build/Debug/youbot_windows_demo.lib" /MACHINE:X86 /SAFESEH  /machine:X86 youbot_windows_demo.dir\Debug\main.obj
         youbot_windows_demo.vcxproj -> C:\youbot_windows_demo-master\build\Debug\youbot_windows_demo.exe
     1>專案 "C:\youbot_windows_demo-master\build\youbot_windows_demo.vcxproj" (Build 目標) 建置完成。

建置成功。

經過時間 00:00:20.09
